2022-08-15 18:03:43 [WINDOWS][DEBUG][AutoTestAgentLogger] Init event 
2022-08-15 18:03:43 [WINDOWS][DEBUG][AutoTestAgentLogger] Attempting to start a Drill4J test session... 
2022-08-15 18:03:44 [WINDOWS][DEBUG][AutoTestAgentLogger] Auth token: eyJ0eXAiOiJKV1QiLCJhbGciOiJIUzUxMiJ9.eyJzdWIiOiJBdXRoZW50aWNhdGlvbiIsInJvbGUiOiJhZG1pbiIsImlzcyI6Imh0dHA6Ly9kcmlsbC00LWovIiwiaWQiOjEsImV4cCI6MTY2NTc3MDYyNX0.uMWWPuWVVdHfdBs1FrGMBard0hiKqMH_w8ZHPsTQuAzwna_ti15U7vDYG5rrhe7IlAtBHdm0Sc5kmEwXNTBxmw 
2022-08-15 18:03:44 [WINDOWS][DEBUG][AutoTestAgentLogger] Log message invocation failed: kotlin.ArrayIndexOutOfBoundsException 
2022-08-15 18:03:44 [WINDOWS][DEBUG][AutoTestAgentLogger] Received response: [{"type":"STATUS","code":200,"data":{"type":"START_AGENT_SESSION","payload":{"sessionId":"6d75d6e9-61e1-4d55-98bb-9e46152d9e45","testType":"AUTO","testName":null,"isRealtime":true,"isGlobal":false}}},{"type":"STATUS","code":200,"data":{"type":"START_AGENT_SESSION","payload":{"sessionId":"6d75d6e9-61e1-4d55-98bb-9e46152d9e45","testType":"AUTO","testName":null,"isRealtime":true,"isGlobal":false}}}] 
2022-08-15 18:03:44 [WINDOWS][INFO][AutoTestAgentLogger] Started a test session with ID 6d75d6e9-61e1-4d55-98bb-9e46152d9e45 
2022-08-15 21:03:44:566 [jvm][DEBUG][com.epam.drill.test.agent.instrumentation.StrategyManager] Added strategies: CucumberV4, JavaHttpUrlConnection, IgnoredTests, CucumberV6, OkHttpClientStub, TestNGStrategyV6, JMeterStrategy, JUnitStrategy, Selenium, CucumberV5, Kafka, JUnit5Strategy, Spock, ApacheClient, TestNGStrategyV7 
2022-08-15 18:03:45 [WINDOWS][DEBUG][AutoTestAgentLogger] Class 'org/junit/platform/engine/support/hierarchical/NodeTestTaskContext' was transformed 
2022-08-15 18:03:45 [WINDOWS][DEBUG][AutoTestAgentLogger] Applying instrumenting (old: 1991 to new: 2079) 
2022-08-15 18:03:45 [WINDOWS][INFO][AutoTestAgentLogger] Successfully instrumented class org/junit/platform/engine/support/hierarchical/NodeTestTaskContext 
2022-08-15 21:03:46:562 [jvm][DEBUG][unknown logger] starting instrument org.openqa.selenium.remote.RemoteWebDriver... 
2022-08-15 21:03:46:581 [jvm][DEBUG][unknown logger] failed to instrument: drill.javassist.NotFoundException: no such constructor 
2022-08-15 21:03:46:582 [jvm][DEBUG][unknown logger] RemoteWebDriver constructors instrumented 
2022-08-15 18:03:46 [WINDOWS][DEBUG][AutoTestAgentLogger] Class 'org/openqa/selenium/remote/RemoteWebDriver' was transformed 
2022-08-15 18:03:46 [WINDOWS][DEBUG][AutoTestAgentLogger] Applying instrumenting (old: 26434 to new: 30663) 
2022-08-15 18:03:46 [WINDOWS][INFO][AutoTestAgentLogger] Successfully instrumented class org/openqa/selenium/remote/RemoteWebDriver 
2022-08-15 18:03:47 [WINDOWS][DEBUG][AutoTestAgentLogger] Class 'okhttp3/internal/http1/Http1Codec' was transformed 
2022-08-15 18:03:47 [WINDOWS][DEBUG][AutoTestAgentLogger] Applying instrumenting (old: 9145 to new: 10392) 
2022-08-15 18:03:47 [WINDOWS][INFO][AutoTestAgentLogger] Successfully instrumented class okhttp3/internal/http1/Http1Codec 
2022-08-15 21:03:48:541 [jvm][DEBUG][com.epam.drill.test.agent.instrumentation.http.selenium.ChromeDevTool] starting connectToDevTools with cap='{debuggerAddress=localhost:63709}' sessionId='SessionId(sessionId=)' remote='localhost:35289'... 
2022-08-15 21:03:48:543 [jvm][DEBUG][com.epam.drill.test.agent.instrumentation.http.selenium.ChromeDevTool] /json/version: {
   "Browser": "Chrome/104.0.5112.81",
   "Protocol-Version": "1.3",
   "User-Agent": "Mozilla/5.0 (Windows NT 10.0; Win64; x64) AppleWebKit/537.36 (KHTML, like Gecko) Chrome/104.0.5112.81 Safari/537.36",
   "V8-Version": "10.4.132.20",
   "WebKit-Version": "537.36 (@3cf3e8c8a07d104b9e1260c910efb8f383285dc5)",
   "webSocketDebuggerUrl": "ws://localhost:63709/devtools/browser/cd8e8e1b-c449-40c1-a35e-3c102f8f6bc2"
}
 
2022-08-15 21:03:48:551 [jvm][DEBUG][com.epam.drill.test.agent.instrumentation.http.selenium.ChromeDevTool] DevTools URL: ws://host.docker.internal:63709/devtools/browser/cd8e8e1b-c449-40c1-a35e-3c102f8f6bc2 
2022-08-15 21:03:48:733 [jvm][INFO][com.epam.drill.test.agent.instrumentation.http.selenium.ChromeDevTool] Retrieved target for url data:,: 1726BD84830EB6AF6E75F00DEC939C7A 
2022-08-15 21:03:48:757 [jvm][DEBUG][com.epam.drill.test.agent.instrumentation.http.selenium.ChromeDevTool] DevTools session created: SessionId(sessionId=3BD7228F29FFEFAF38A53982D355DBCA) 
2022-08-15 21:03:48:790 [jvm][INFO][com.epam.drill.test.agent.instrumentation.http.selenium.ChromeDevTool] Toggles enabled 
2022-08-15 21:03:49:084 [jvm][DEBUG][com.epam.drill.test.agent.instrumentation.http.selenium.DevToolStorage] DevTool inited for: Thread id=12, DevToolWS address=com.epam.drill.test.agent.instrumentation.http.selenium.ChromeDevTool@2cfee7f8 
2022-08-15 18:03:57 [WINDOWS][DEBUG][AutoTestAgentLogger] Class 'org/apache/http/conn/ManagedClientConnection' was transformed 
2022-08-15 18:03:57 [WINDOWS][DEBUG][AutoTestAgentLogger] Applying instrumenting (old: 1278 to new: 1278) 
2022-08-15 18:03:57 [WINDOWS][INFO][AutoTestAgentLogger] Successfully instrumented class org/apache/http/conn/ManagedClientConnection 
2022-08-15 18:03:57 [WINDOWS][DEBUG][AutoTestAgentLogger] Class 'org/apache/http/conn/ManagedHttpClientConnection' was transformed 
2022-08-15 18:03:57 [WINDOWS][DEBUG][AutoTestAgentLogger] Applying instrumenting (old: 464 to new: 464) 
2022-08-15 18:03:57 [WINDOWS][INFO][AutoTestAgentLogger] Successfully instrumented class org/apache/http/conn/ManagedHttpClientConnection 
2022-08-15 18:03:57 [WINDOWS][DEBUG][AutoTestAgentLogger] Class 'org/apache/http/conn/OperatedClientConnection' was transformed 
2022-08-15 18:03:57 [WINDOWS][DEBUG][AutoTestAgentLogger] Applying instrumenting (old: 745 to new: 745) 
2022-08-15 18:03:57 [WINDOWS][INFO][AutoTestAgentLogger] Successfully instrumented class org/apache/http/conn/OperatedClientConnection 
2022-08-15 18:03:57 [WINDOWS][DEBUG][AutoTestAgentLogger] Class 'org/apache/http/impl/AbstractHttpClientConnection' was transformed 
2022-08-15 18:03:57 [WINDOWS][DEBUG][AutoTestAgentLogger] Applying instrumenting (old: 7759 to new: 9156) 
2022-08-15 18:03:57 [WINDOWS][INFO][AutoTestAgentLogger] Successfully instrumented class org/apache/http/impl/AbstractHttpClientConnection 
2022-08-15 21:04:00:308 [jvm][INFO][TestListener] Test: engine='junit-jupiter', path='ui.CommonTest', testName='loginUser', params={classParams=, methodParams=()} STARTED 
2022-08-15 21:04:00:309 [jvm][DEBUG][com.epam.drill.test.agent.instrumentation.http.selenium.ChromeDevTool] Start intercepting. Headers: {drill-test-id=1fb1ad9, drill-session-id=6d75d6e9-61e1-4d55-98bb-9e46152d9e45}, sessionId: SessionId(sessionId=3BD7228F29FFEFAF38A53982D355DBCA) 
2022-08-15 21:04:00:402 [jvm][DEBUG][com.epam.drill.test.agent.instrumentation.http.selenium.ChromeDevTool] try to add headers: {drill-session-id=6d75d6e9-61e1-4d55-98bb-9e46152d9e45, drill-test-id=1fb1ad9} 
2022-08-15 21:04:00:427 [jvm][DEBUG][com.epam.drill.test.agent.instrumentation.http.selenium.ChromeDevTool] Chrome Tool activated: true. Headers: {drill-session-id=6d75d6e9-61e1-4d55-98bb-9e46152d9e45, drill-test-id=1fb1ad9} 
2022-08-15 21:04:02:587 [jvm][DEBUG][com.epam.drill.test.agent.instrumentation.http.selenium.ChromeDevTool] try to add headers: {drill-session-id=6d75d6e9-61e1-4d55-98bb-9e46152d9e45, drill-test-id=1fb1ad9} 
2022-08-15 21:04:02:603 [jvm][DEBUG][com.epam.drill.test.agent.instrumentation.http.selenium.ChromeDevTool] Chrome Tool activated: true. Headers: {drill-session-id=6d75d6e9-61e1-4d55-98bb-9e46152d9e45, drill-test-id=1fb1ad9} 
2022-08-15 21:04:09:574 [jvm][INFO][TestListener] Test: engine='junit-jupiter', path='ui.CommonTest', testName='loginUser', params={classParams=, methodParams=()} FINISHED. Result:SUCCESSFUL 
2022-08-15 21:04:09:576 [jvm][DEBUG][com.epam.drill.test.agent.instrumentation.http.selenium.ChromeDevTool] Stop intercepting: ws://host.docker.internal:63709/devtools/browser/cd8e8e1b-c449-40c1-a35e-3c102f8f6bc2, sessionId SessionId(sessionId=3BD7228F29FFEFAF38A53982D355DBCA) 
